0 info it worked if it ends with ok
1 verbose cli [ 'C:\\Program Files\\nodejs\\node.exe',
1 verbose cli   'C:\\Program Files\\nodejs\\node_modules\\npm\\bin\\npm-cli.js',
1 verbose cli   'start' ]
2 info using npm@3.3.12
3 info using node@v5.4.1
4 verbose run-script [ 'prestart', 'start', 'poststart' ]
5 info lifecycle techblog-client@1.0.0~prestart: techblog-client@1.0.0
6 silly lifecycle techblog-client@1.0.0~prestart: no script for prestart, continuing
7 info lifecycle techblog-client@1.0.0~start: techblog-client@1.0.0
8 verbose lifecycle techblog-client@1.0.0~start: unsafe-perm in lifecycle true
9 verbose lifecycle techblog-client@1.0.0~start: PATH: C:\Program Files\nodejs\node_modules\npm\bin\node-gyp-bin;D:\Tech Blog\TechBlog-Client\node_modules\.bin;C:\Users\Cyrus_Cai\bin;C:\Program Files\Git\mingw64\bin;C:\Program Files\Git\usr\local\bin;C:\Program Files\Git\usr\bin;C:\Program Files\Git\usr\bin;C:\Program Files\Git\mingw64\bin;C:\Program Files\Git\usr\bin;C:\Users\Cyrus_Cai\bin;C:\ProgramData\Oracle\Java\javapath;C:\WINDOWS\system32;C:\WINDOWS;C:\WINDOWS\System32\Wbem;C:\WINDOWS\System32\WindowsPowerShell\v1.0;C:\WINDOWS\idmu\common;C:\Program Files\TortoiseSVN\bin;C:\Program Files (x86)\Skype\Phone;C:\Program Files (x86)\Heroku\bin;C:\Program Files (x86)\git\cmd;C:\Users\Cyrus_Cai\AppData\Roaming\nvm;C:\Program Files\nodejs;C:\Program Files\nodejs; C;C:\Program Files\Git\Program Files\Java\jdk1.8.0_77\bin;C:\Program Files\Java\jdk1.8.0_77\jre\bin;C:\Users\Cyrus_Cai\AppData\Local\Android\sdk\tools;C:\Users\Cyrus_Cai\AppData\Local\Android\sdk\platform-tools;C:\Ruby23-x64\bin;C:\Users\Cyrus_Cai\AppData\Roaming\npm;%MONGO_PATH;C:\Users\Cyrus_Cai\AppData\Roaming\nvm;C:\Program Files\nodejs;C:\Users\Cyrus_Cai\AppData\Local\.meteor;C:\Program Files\Git\usr\bin\vendor_perl;C:\Program Files\Git\usr\bin\core_perl
10 verbose lifecycle techblog-client@1.0.0~start: CWD: D:\Tech Blog\TechBlog-Client
11 silly lifecycle techblog-client@1.0.0~start: Args: [ '/d /s /c', 'webpack-dev-server --progress --colors' ]
12 silly lifecycle techblog-client@1.0.0~start: Returned: code: 1  signal: null
13 info lifecycle techblog-client@1.0.0~start: Failed to exec start script
14 verbose stack Error: techblog-client@1.0.0 start: `webpack-dev-server --progress --colors`
14 verbose stack Exit status 1
14 verbose stack     at EventEmitter.<anonymous> (C:\Program Files\nodejs\node_modules\npm\lib\utils\lifecycle.js:232:16)
14 verbose stack     at emitTwo (events.js:87:13)
14 verbose stack     at EventEmitter.emit (events.js:172:7)
14 verbose stack     at ChildProcess.<anonymous> (C:\Program Files\nodejs\node_modules\npm\lib\utils\spawn.js:24:14)
14 verbose stack     at emitTwo (events.js:87:13)
14 verbose stack     at ChildProcess.emit (events.js:172:7)
14 verbose stack     at maybeClose (internal/child_process.js:821:16)
14 verbose stack     at Process.ChildProcess._handle.onexit (internal/child_process.js:211:5)
15 verbose pkgid techblog-client@1.0.0
16 verbose cwd D:\Tech Blog\TechBlog-Client
17 error Windows_NT 6.3.9600
18 error argv "C:\\Program Files\\nodejs\\node.exe" "C:\\Program Files\\nodejs\\node_modules\\npm\\bin\\npm-cli.js" "start"
19 error node v5.4.1
20 error npm  v3.3.12
21 error code ELIFECYCLE
22 error techblog-client@1.0.0 start: `webpack-dev-server --progress --colors`
22 error Exit status 1
23 error Failed at the techblog-client@1.0.0 start script 'webpack-dev-server --progress --colors'.
23 error Make sure you have the latest version of node.js and npm installed.
23 error If you do, this is most likely a problem with the techblog-client package,
23 error not with npm itself.
23 error Tell the author that this fails on your system:
23 error     webpack-dev-server --progress --colors
23 error You can get their info via:
23 error     npm owner ls techblog-client
23 error There is likely additional logging output above.
24 verbose exit [ 1, true ]
